        -:    0:Source:dominion.c
        -:    0:Graph:dominion.gcno
        -:    0:Data:dominion.gcda
        -:    0:Runs:11
        -:    0:Programs:11
        -:    1:#include "dominion.h"
        -:    2:#include "dominion_helpers.h"
        -:    3:#include "rngs.h"
        -:    4:#include <stdio.h>
        -:    5:#include <math.h>
        -:    6:#include <stdlib.h>
        -:    7:
function compare called 13127 returned 100% blocks executed 100%
    13127:    8:int compare(const void* a, const void* b) {
    13127:    9:  if (*(int*)a > *(int*)b)
branch  0 taken 15% (fallthrough)
branch  1 taken 85%
     1925:   10:    return 1;
    11202:   11:  if (*(int*)a < *(int*)b)
branch  0 taken 35% (fallthrough)
branch  1 taken 65%
     3929:   12:    return -1;
     7273:   13:  return 0;
        -:   14:}
        -:   15:
function newGame called 0 returned 0% blocks executed 0%
    #####:   16:struct gameState* newGame() {
    #####:   17:  struct gameState* g = malloc(sizeof(struct gameState));
    #####:   18:  return g;
        -:   19:}
        -:   20:
function kingdomCards called 1 returned 100% blocks executed 100%
        1:   21:int* kingdomCards(int k1, int k2, int k3, int k4, int k5, int k6, int k7,
        -:   22:		  int k8, int k9, int k10) {
        1:   23:  int* k = malloc(10 * sizeof(int));
        1:   24:  k[0] = k1;
        1:   25:  k[1] = k2;
        1:   26:  k[2] = k3;
        1:   27:  k[3] = k4;
        1:   28:  k[4] = k5;
        1:   29:  k[5] = k6;
        1:   30:  k[6] = k7;
        1:   31:  k[7] = k8;
        1:   32:  k[8] = k9;
        1:   33:  k[9] = k10;
        1:   34:  return k;
        -:   35:}
        -:   36:
function initializeGame called 205 returned 100% blocks executed 95%
      205:   37:int initializeGame(int numPlayers, int kingdomCards[10], int randomSeed,
        -:   38:		   struct gameState *state) {
        -:   39:
        -:   40:  int i;
        -:   41:  int j;
        -:   42:  int it;			
        -:   43:  //set up random number generator
      205:   44:  SelectStream(1);
call    0 returned 100%
      205:   45:  PutSeed((long)randomSeed);
call    0 returned 100%
        -:   46:  
        -:   47:  //check number of players
      205:   48:  if (numPlayers > MAX_PLAYERS || numPlayers < 2)
branch  0 taken 100% (fallthrough)
branch  1 taken 0%
branch  2 taken 0% (fallthrough)
branch  3 taken 100%
        -:   49:    {
    #####:   50:      return -1;
        -:   51:    }
        -:   52:
        -:   53:  //set number of players
      205:   54:  state->numPlayers = numPlayers;
        -:   55:
        -:   56:  //check selected kingdom cards are different
     2255:   57:  for (i = 0; i < 10; i++)
branch  0 taken 91%
branch  1 taken 9% (fallthrough)
        -:   58:    {
    22550:   59:      for (j = 0; j < 10; j++)
branch  0 taken 91%
branch  1 taken 9% (fallthrough)
        -:   60:        {
    20500:   61:	  if (j != i && kingdomCards[j] == kingdomCards[i])
branch  0 taken 90% (fallthrough)
branch  1 taken 10%
branch  2 taken 0% (fallthrough)
branch  3 taken 100%
        -:   62:	    {
    #####:   63:	      return -1;
        -:   64:	    }
        -:   65:        }
        -:   66:    }
        -:   67:
        -:   68:
        -:   69:  //initialize supply
        -:   70:  ///////////////////////////////
        -:   71:
        -:   72:  //set number of Curse cards
      205:   73:  if (numPlayers == 2)
branch  0 taken 33% (fallthrough)
branch  1 taken 67%
        -:   74:    {
       67:   75:      state->supplyCount[curse] = 10;
        -:   76:    }
      138:   77:  else if (numPlayers == 3)
branch  0 taken 46% (fallthrough)
branch  1 taken 54%
        -:   78:    {
       63:   79:      state->supplyCount[curse] = 20;
        -:   80:    }
        -:   81:  else
        -:   82:    {
       75:   83:      state->supplyCount[curse] = 30;
        -:   84:    }
        -:   85:
        -:   86:  //set number of Victory cards
      205:   87:  if (numPlayers == 2)
branch  0 taken 33% (fallthrough)
branch  1 taken 67%
        -:   88:    {
       67:   89:      state->supplyCount[estate] = 8;
       67:   90:      state->supplyCount[duchy] = 8;
       67:   91:      state->supplyCount[province] = 8;
        -:   92:    }
        -:   93:  else
        -:   94:    {
      138:   95:      state->supplyCount[estate] = 12;
      138:   96:      state->supplyCount[duchy] = 12;
      138:   97:      state->supplyCount[province] = 12;
        -:   98:    }
        -:   99:
        -:  100:  //set number of Treasure cards
      205:  101:  state->supplyCount[copper] = 60 - (7 * numPlayers);
      205:  102:  state->supplyCount[silver] = 40;
      205:  103:  state->supplyCount[gold] = 30;
        -:  104:
        -:  105:  //set number of Kingdom cards
     4305:  106:  for (i = adventurer; i <= treasure_map; i++)       	//loop all cards
branch  0 taken 95%
branch  1 taken 5% (fallthrough)
        -:  107:    {
    33825:  108:      for (j = 0; j < 10; j++)           		//loop chosen cards
branch  0 taken 94%
branch  1 taken 6% (fallthrough)
        -:  109:	{
    31775:  110:	  if (kingdomCards[j] == i)
branch  0 taken 6% (fallthrough)
branch  1 taken 94%
        -:  111:	    {
        -:  112:	      //check if card is a 'Victory' Kingdom card
     2050:  113:	      if (kingdomCards[j] == great_hall || kingdomCards[j] == gardens)
branch  0 taken 94% (fallthrough)
branch  1 taken 6%
branch  2 taken 5% (fallthrough)
branch  3 taken 95%
        -:  114:		{
      458:  115:		  if (numPlayers == 2){ 
branch  0 taken 31% (fallthrough)
branch  1 taken 69%
       70:  116:		    state->supplyCount[i] = 8; 
        -:  117:		  }
      159:  118:		  else{ state->supplyCount[i] = 12; }
        -:  119:		}
        -:  120:	      else
        -:  121:		{
     1821:  122:		  state->supplyCount[i] = 10;
        -:  123:		}
     2050:  124:	      break;
        -:  125:	    }
        -:  126:	  else    //card is not in the set choosen for the game
        -:  127:	    {
    29725:  128:	      state->supplyCount[i] = -1;
        -:  129:	    }
        -:  130:	}
        -:  131:
        -:  132:    }
        -:  133:
        -:  134:  ////////////////////////
        -:  135:  //supply intilization complete
        -:  136:
        -:  137:  //set player decks
      828:  138:  for (i = 0; i < numPlayers; i++)
branch  0 taken 75%
branch  1 taken 25% (fallthrough)
        -:  139:    {
      623:  140:      state->deckCount[i] = 0;
     2492:  141:      for (j = 0; j < 3; j++)
branch  0 taken 75%
branch  1 taken 25% (fallthrough)
        -:  142:	{
     1869:  143:	  state->deck[i][j] = estate;
     1869:  144:	  state->deckCount[i]++;
        -:  145:	}
     4984:  146:      for (j = 3; j < 10; j++)
branch  0 taken 88%
branch  1 taken 13% (fallthrough)
        -:  147:	{
     4361:  148:	  state->deck[i][j] = copper;
     4361:  149:	  state->deckCount[i]++;		
        -:  150:	}
        -:  151:    }
        -:  152:
        -:  153:  //shuffle player decks
      828:  154:  for (i = 0; i < numPlayers; i++)
branch  0 taken 75%
branch  1 taken 25% (fallthrough)
        -:  155:    {
      623:  156:      if ( shuffle(i, state) < 0 )
call    0 returned 100%
branch  1 taken 0% (fallthrough)
branch  2 taken 100%
        -:  157:	{
    #####:  158:	  return -1;
        -:  159:	}
        -:  160:    }
        -:  161:
        -:  162:  //draw player hands
      828:  163:  for (i = 0; i < numPlayers; i++)
branch  0 taken 75%
branch  1 taken 25% (fallthrough)
        -:  164:    {  
        -:  165:      //initialize hand size to zero
      623:  166:      state->handCount[i] = 0;
      623:  167:      state->discardCount[i] = 0;
        -:  168:      //draw 5 cards
        -:  169:      // for (j = 0; j < 5; j++)
        -:  170:      //	{
        -:  171:      //	  drawCard(i, state);
        -:  172:      //	}
        -:  173:    }
        -:  174:  
        -:  175:  //set embargo tokens to 0 for all supply piles
     5740:  176:  for (i = 0; i <= treasure_map; i++)
branch  0 taken 96%
branch  1 taken 4% (fallthrough)
        -:  177:    {
     5535:  178:      state->embargoTokens[i] = 0;
        -:  179:    }
        -:  180:
        -:  181:  //initialize first player's turn
      205:  182:  state->outpostPlayed = 0;
      205:  183:  state->phase = 0;
      205:  184:  state->numActions = 1;
      205:  185:  state->numBuys = 1;
      205:  186:  state->playedCardCount = 0;
      205:  187:  state->whoseTurn = 0;
      205:  188:  state->handCount[state->whoseTurn] = 0;
        -:  189:  //int it; move to top
        -:  190:
        -:  191:  //Moved draw cards to here, only drawing at the start of a turn
     1230:  192:  for (it = 0; it < 5; it++){
branch  0 taken 83%
branch  1 taken 17% (fallthrough)
     1025:  193:    drawCard(state->whoseTurn, state);
call    0 returned 100%
        -:  194:  }
        -:  195:
      205:  196:  updateCoins(state->whoseTurn, state, 0);
call    0 returned 100%
        -:  197:
      205:  198:  return 0;
        -:  199:}
        -:  200:
function shuffle called 2084 returned 100% blocks executed 100%
     2084:  201:int shuffle(int player, struct gameState *state) {
        -:  202: 
        -:  203:
        -:  204:  int newDeck[MAX_DECK];
     2084:  205:  int newDeckPos = 0;
        -:  206:  int card;
        -:  207:  int i;
        -:  208:
     2084:  209:  if (state->deckCount[player] < 1)
branch  0 taken 61% (fallthrough)
branch  1 taken 39%
     1261:  210:    return -1;
      823:  211:  qsort ((void*)(state->deck[player]), state->deckCount[player], sizeof(int), compare); 
call    0 returned 100%
        -:  212:  /* SORT CARDS IN DECK TO ENSURE DETERMINISM! */
        -:  213:
     9549:  214:  while (state->deckCount[player] > 0) {
branch  0 taken 91%
branch  1 taken 9% (fallthrough)
     7903:  215:    card = floor(Random() * state->deckCount[player]);
call    0 returned 100%
     7903:  216:    newDeck[newDeckPos] = state->deck[player][card];
     7903:  217:    newDeckPos++;
    27102:  218:    for (i = card; i < state->deckCount[player]-1; i++) {
branch  0 taken 71%
branch  1 taken 29% (fallthrough)
    19199:  219:      state->deck[player][i] = state->deck[player][i+1];
        -:  220:    }
     7903:  221:    state->deckCount[player]--;
        -:  222:  }
     8726:  223:  for (i = 0; i < newDeckPos; i++) {
branch  0 taken 91%
branch  1 taken 9% (fallthrough)
     7903:  224:    state->deck[player][i] = newDeck[i];
     7903:  225:    state->deckCount[player]++;
        -:  226:  }
        -:  227:
      823:  228:  return 0;
        -:  229:}
        -:  230:
function playCard called 0 returned 0% blocks executed 0%
    #####:  231:int playCard(int handPos, int choice1, int choice2, int choice3, struct gameState *state) 
        -:  232:{	
        -:  233:  int card;
    #####:  234:  int coin_bonus = 0; 		//tracks coins gain from actions
        -:  235:
        -:  236:  //check if it is the right phase
    #####:  237:  if (state->phase != 0)
branch  0 never executed
branch  1 never executed
        -:  238:    {
    #####:  239:      return -1;
        -:  240:    }
        -:  241:	
        -:  242:  //check if player has enough actions
    #####:  243:  if ( state->numActions < 1 )
branch  0 never executed
branch  1 never executed
        -:  244:    {
    #####:  245:      return -1;
        -:  246:    }
        -:  247:	
        -:  248:  //get card played
    #####:  249:  card = handCard(handPos, state);
call    0 never executed
        -:  250:  
        -:  251:  //check if selected card is an action
    #####:  252:  if ( card < adventurer || card > treasure_map )
branch  0 never executed
branch  1 never executed
branch  2 never executed
branch  3 never executed
        -:  253:    {
    #####:  254:      return -1;
        -:  255:    }
        -:  256:  
        -:  257:  //play card
    #####:  258:  if ( cardEffect(card, choice1, choice2, choice3, state, handPos, &coin_bonus) < 0 )
call    0 never executed
branch  1 never executed
branch  2 never executed
        -:  259:    {
    #####:  260:      return -1;
        -:  261:    }
        -:  262:
        -:  263:  //reduce number of actions
    #####:  264:  state->numActions--;
        -:  265:
        -:  266:  //update coins (Treasure cards may be added with card draws)
    #####:  267:  updateCoins(state->whoseTurn, state, coin_bonus);
call    0 never executed
        -:  268:	
    #####:  269:  return 0;
        -:  270:}
        -:  271:
function buyCard called 0 returned 0% blocks executed 0%
    #####:  272:int buyCard(int supplyPos, struct gameState *state) {
        -:  273:  int who;
        -:  274:  if (DEBUG){
        -:  275:    printf("Entering buyCard...\n");
        -:  276:  }
        -:  277:
        -:  278:  // I don't know what to do about the phase thing.
        -:  279:
    #####:  280:  who = state->whoseTurn;
        -:  281:
    #####:  282:  if (state->numBuys < 1){
branch  0 never executed
branch  1 never executed
        -:  283:    if (DEBUG)
        -:  284:      printf("You do not have any buys left\n");
    #####:  285:    return -1;
    #####:  286:  } else if (supplyCount(supplyPos, state) <1){
call    0 never executed
branch  1 never executed
branch  2 never executed
        -:  287:    if (DEBUG)
        -:  288:      printf("There are not any of that type of card left\n");
    #####:  289:    return -1;
    #####:  290:  } else if (state->coins < getCost(supplyPos)){
call    0 never executed
branch  1 never executed
branch  2 never executed
        -:  291:    if (DEBUG) 
        -:  292:      printf("You do not have enough money to buy that. You have %d coins.\n", state->coins);
    #####:  293:    return -1;
        -:  294:  } else {
    #####:  295:    state->phase=1;
        -:  296:    //state->supplyCount[supplyPos]--;
    #####:  297:    gainCard(supplyPos, state, 0, who); //card goes in discard, this might be wrong.. (2 means goes into hand, 0 goes into discard)
call    0 never executed
        -:  298:  
    #####:  299:    state->coins = (state->coins) - (getCost(supplyPos));
call    0 never executed
    #####:  300:    state->numBuys--;
        -:  301:    if (DEBUG)
        -:  302:      printf("You bought card number %d for %d coins. You now have %d buys and %d coins.\n", supplyPos, getCost(supplyPos), state->numBuys, state->coins);
        -:  303:  }
        -:  304:
        -:  305:  //state->discard[who][state->discardCount[who]] = supplyPos;
        -:  306:  //state->discardCount[who]++;
        -:  307:    
    #####:  308:  return 0;
        -:  309:}
        -:  310:
function numHandCards called 0 returned 0% blocks executed 0%
    #####:  311:int numHandCards(struct gameState *state) {
    #####:  312:  return state->handCount[ whoseTurn(state) ];
call    0 never executed
        -:  313:}
        -:  314:
function handCard called 0 returned 0% blocks executed 0%
    #####:  315:int handCard(int handPos, struct gameState *state) {
    #####:  316:  int currentPlayer = whoseTurn(state);
call    0 never executed
    #####:  317:  return state->hand[currentPlayer][handPos];
        -:  318:}
        -:  319:
function supplyCount called 0 returned 0% blocks executed 0%
    #####:  320:int supplyCount(int card, struct gameState *state) {
    #####:  321:  return state->supplyCount[card];
        -:  322:}
        -:  323:
function fullDeckCount called 0 returned 0% blocks executed 0%
    #####:  324:int fullDeckCount(int player, int card, struct gameState *state) {
        -:  325:  int i;
    #####:  326:  int count = 0;
        -:  327:
    #####:  328:  for (i = 0; i < state->deckCount[player]; i++)
branch  0 never executed
branch  1 never executed
        -:  329:    {
    #####:  330:      if (state->deck[player][i] == card) count++;
branch  0 never executed
branch  1 never executed
        -:  331:    }
        -:  332:
    #####:  333:  for (i = 0; i < state->handCount[player]; i++)
branch  0 never executed
branch  1 never executed
        -:  334:    {
    #####:  335:      if (state->hand[player][i] == card) count++;
branch  0 never executed
branch  1 never executed
        -:  336:    }
        -:  337:
    #####:  338:  for (i = 0; i < state->discardCount[player]; i++)
branch  0 never executed
branch  1 never executed
        -:  339:    {
    #####:  340:      if (state->discard[player][i] == card) count++;
branch  0 never executed
branch  1 never executed
        -:  341:    }
        -:  342:
    #####:  343:  return count;
        -:  344:}
        -:  345:
function whoseTurn called 621 returned 100% blocks executed 100%
      621:  346:int whoseTurn(struct gameState *state) {
      621:  347:  return state->whoseTurn;
        -:  348:}
        -:  349:
function endTurn called 0 returned 0% blocks executed 0%
    #####:  350:int endTurn(struct gameState *state) {
        -:  351:  int k;
        -:  352:  int i;
    #####:  353:  int currentPlayer = whoseTurn(state);
call    0 never executed
        -:  354:  
        -:  355:  //Discard hand
    #####:  356:  for (i = 0; i < state->handCount[currentPlayer]; i++){
branch  0 never executed
branch  1 never executed
    #####:  357:    state->discard[currentPlayer][state->discardCount[currentPlayer]++] = state->hand[currentPlayer][i];//Discard
    #####:  358:    state->hand[currentPlayer][i] = -1;//Set card to -1
        -:  359:  }
    #####:  360:  state->handCount[currentPlayer] = 0;//Reset hand count
        -:  361:    
        -:  362:  //Code for determining the player
    #####:  363:  if (currentPlayer < (state->numPlayers - 1)){ 
branch  0 never executed
branch  1 never executed
    #####:  364:    state->whoseTurn = currentPlayer + 1;//Still safe to increment
        -:  365:  }
        -:  366:  else{
    #####:  367:    state->whoseTurn = 0;//Max player has been reached, loop back around to player 1
        -:  368:  }
        -:  369:
    #####:  370:  state->outpostPlayed = 0;
    #####:  371:  state->phase = 0;
    #####:  372:  state->numActions = 1;
    #####:  373:  state->coins = 0;
    #####:  374:  state->numBuys = 1;
    #####:  375:  state->playedCardCount = 0;
    #####:  376:  state->handCount[state->whoseTurn] = 0;
        -:  377:
        -:  378:  //int k; move to top
        -:  379:  //Next player draws hand
    #####:  380:  for (k = 0; k < 5; k++){
branch  0 never executed
branch  1 never executed
    #####:  381:    drawCard(state->whoseTurn, state);//Draw a card
call    0 never executed
        -:  382:  }
        -:  383:
        -:  384:  //Update money
    #####:  385:  updateCoins(state->whoseTurn, state , 0);
call    0 never executed
        -:  386:
    #####:  387:  return 0;
        -:  388:}
        -:  389:
function isGameOver called 12 returned 100% blocks executed 100%
       12:  390:int isGameOver(struct gameState *state) {
        -:  391:  int i;
        -:  392:  int j;
        -:  393:
        -:  394:  //if stack of Province cards is empty, the game ends
       12:  395:  if (state->supplyCount[province] == 0)
branch  0 taken 8% (fallthrough)
branch  1 taken 92%
        -:  396:    {
        1:  397:      return 1;
        -:  398:    }
        -:  399:
        -:  400:  //if three supply pile are at 0, the game ends
       11:  401:  j = 0;
      286:  402:  for (i = 0; i < 25; i++)
branch  0 taken 96%
branch  1 taken 4% (fallthrough)
        -:  403:    {
      275:  404:      if (state->supplyCount[i] == 0)
branch  0 taken 11% (fallthrough)
branch  1 taken 89%
        -:  405:	{
       30:  406:	  j++;
        -:  407:	}
        -:  408:    }
       11:  409:  if ( j >= 3)
branch  0 taken 91% (fallthrough)
branch  1 taken 9%
        -:  410:    {
       10:  411:      return 1;
        -:  412:    }
        -:  413:
        1:  414:  return 0;
        -:  415:}
        -:  416:
function scoreFor called 0 returned 0% blocks executed 0%
    #####:  417:int scoreFor (int player, struct gameState *state) {
        -:  418:
        -:  419:  int i;
    #####:  420:  int score = 0;
        -:  421:  //score from hand
    #####:  422:  for (i = 0; i < state->handCount[player]; i++)
branch  0 never executed
branch  1 never executed
        -:  423:    {
    #####:  424:      if (state->hand[player][i] == curse) { score = score - 1; };
branch  0 never executed
branch  1 never executed
    #####:  425:      if (state->hand[player][i] == estate) { score = score + 1; };
branch  0 never executed
branch  1 never executed
    #####:  426:      if (state->hand[player][i] == duchy) { score = score + 3; };
branch  0 never executed
branch  1 never executed
    #####:  427:      if (state->hand[player][i] == province) { score = score + 6; };
branch  0 never executed
branch  1 never executed
    #####:  428:      if (state->hand[player][i] == great_hall) { score = score + 1; };
branch  0 never executed
branch  1 never executed
    #####:  429:      if (state->hand[player][i] == gardens) { score = score + ( fullDeckCount(player, 0, state) / 10 ); };
branch  0 never executed
branch  1 never executed
call    2 never executed
        -:  430:    }
        -:  431:
        -:  432:  //score from discard
    #####:  433:  for (i = 0; i < state->discardCount[player]; i++)
branch  0 never executed
branch  1 never executed
        -:  434:    {
    #####:  435:      if (state->discard[player][i] == curse) { score = score - 1; };
branch  0 never executed
branch  1 never executed
    #####:  436:      if (state->discard[player][i] == estate) { score = score + 1; };
branch  0 never executed
branch  1 never executed
    #####:  437:      if (state->discard[player][i] == duchy) { score = score + 3; };
branch  0 never executed
branch  1 never executed
    #####:  438:      if (state->discard[player][i] == province) { score = score + 6; };
branch  0 never executed
branch  1 never executed
    #####:  439:      if (state->discard[player][i] == great_hall) { score = score + 1; };
branch  0 never executed
branch  1 never executed
    #####:  440:      if (state->discard[player][i] == gardens) { score = score + ( fullDeckCount(player, 0, state) / 10 ); };
branch  0 never executed
branch  1 never executed
call    2 never executed
        -:  441:    }
        -:  442:
        -:  443:  //score from deck
    #####:  444:  for (i = 0; i < state->discardCount[player]; i++)
branch  0 never executed
branch  1 never executed
        -:  445:    {
    #####:  446:      if (state->deck[player][i] == curse) { score = score - 1; };
branch  0 never executed
branch  1 never executed
    #####:  447:      if (state->deck[player][i] == estate) { score = score + 1; };
branch  0 never executed
branch  1 never executed
    #####:  448:      if (state->deck[player][i] == duchy) { score = score + 3; };
branch  0 never executed
branch  1 never executed
    #####:  449:      if (state->deck[player][i] == province) { score = score + 6; };
branch  0 never executed
branch  1 never executed
    #####:  450:      if (state->deck[player][i] == great_hall) { score = score + 1; };
branch  0 never executed
branch  1 never executed
    #####:  451:      if (state->deck[player][i] == gardens) { score = score + ( fullDeckCount(player, 0, state) / 10 ); };
branch  0 never executed
branch  1 never executed
call    2 never executed
        -:  452:    }
        -:  453:
    #####:  454:  return score;
        -:  455:}
        -:  456:
function getWinners called 0 returned 0% blocks executed 0%
    #####:  457:int getWinners(int players[MAX_PLAYERS], struct gameState *state) {
        -:  458:  int i;	
        -:  459:  int j;
        -:  460:  int highScore;
        -:  461:  int currentPlayer;
        -:  462:
        -:  463:  //get score for each player
    #####:  464:  for (i = 0; i < MAX_PLAYERS; i++)
branch  0 never executed
branch  1 never executed
        -:  465:    {
        -:  466:      //set unused player scores to -9999
    #####:  467:      if (i >= state->numPlayers)
branch  0 never executed
branch  1 never executed
        -:  468:	{
    #####:  469:	  players[i] = -9999;
        -:  470:	}
        -:  471:      else
        -:  472:	{
    #####:  473:	  players[i] = scoreFor (i, state);
call    0 never executed
        -:  474:	}
        -:  475:    }
        -:  476:
        -:  477:  //find highest score
    #####:  478:  j = 0;
    #####:  479:  for (i = 0; i < MAX_PLAYERS; i++)
branch  0 never executed
branch  1 never executed
        -:  480:    {
    #####:  481:      if (players[i] > players[j])
branch  0 never executed
branch  1 never executed
        -:  482:	{
    #####:  483:	  j = i;
        -:  484:	}
        -:  485:    }
    #####:  486:  highScore = players[j];
        -:  487:
        -:  488:  //add 1 to players who had less turns
    #####:  489:  currentPlayer = whoseTurn(state);
call    0 never executed
    #####:  490:  for (i = 0; i < MAX_PLAYERS; i++)
branch  0 never executed
branch  1 never executed
        -:  491:    {
    #####:  492:      if ( players[i] == highScore && i > currentPlayer )
branch  0 never executed
branch  1 never executed
branch  2 never executed
branch  3 never executed
        -:  493:	{
    #####:  494:	  players[i]++;
        -:  495:	}
        -:  496:    }
        -:  497:
        -:  498:  //find new highest score
    #####:  499:  j = 0;
    #####:  500:  for (i = 0; i < MAX_PLAYERS; i++)
branch  0 never executed
branch  1 never executed
        -:  501:    {
    #####:  502:      if ( players[i] > players[j] )
branch  0 never executed
branch  1 never executed
        -:  503:	{
    #####:  504:	  j = i;
        -:  505:	}
        -:  506:    }
    #####:  507:  highScore = players[j];
        -:  508:
        -:  509:  //set winners in array to 1 and rest to 0
    #####:  510:  for (i = 0; i < MAX_PLAYERS; i++)
branch  0 never executed
branch  1 never executed
        -:  511:    {
    #####:  512:      if ( players[i] == highScore )
branch  0 never executed
branch  1 never executed
        -:  513:	{
    #####:  514:	  players[i] = 1;
        -:  515:	}
        -:  516:      else
        -:  517:	{
    #####:  518:	  players[i] = 0;
        -:  519:	}
        -:  520:    }
        -:  521:
    #####:  522:  return 0;
        -:  523:}
        -:  524:
function drawCard called 4761 returned 100% blocks executed 100%
     4761:  525:int drawCard(int player, struct gameState *state)
        -:  526:{	int count;
        -:  527:  int deckCounter;
     4761:  528:  if (state->deckCount[player] <= 0){//Deck is empty
branch  0 taken 16% (fallthrough)
branch  1 taken 84%
        -:  529:    
        -:  530:    //Step 1 Shuffle the discard pile back into a deck
        -:  531:    int i;
        -:  532:    //Move discard to deck
     2431:  533:    for (i = 0; i < state->discardCount[player];i++){
branch  0 taken 69%
branch  1 taken 31% (fallthrough)
     1673:  534:      state->deck[player][i] = state->discard[player][i];
     1673:  535:      state->discard[player][i] = -1;
        -:  536:    }
        -:  537:
      758:  538:    state->deckCount[player] = state->discardCount[player];
      758:  539:    state->discardCount[player] = 0;//Reset discard
        -:  540:
        -:  541:    //Shufffle the deck
      758:  542:    shuffle(player, state);//Shuffle the deck up and make it so that we can draw
call    0 returned 100%
        -:  543:   
        -:  544:    if (DEBUG){//Debug statements
        -:  545:      printf("Deck count now: %d\n", state->deckCount[player]);
        -:  546:    }
        -:  547:    
      758:  548:    state->discardCount[player] = 0;
        -:  549:
        -:  550:    //Step 2 Draw Card
      758:  551:    count = state->handCount[player];//Get current player's hand count
        -:  552:    
        -:  553:    if (DEBUG){//Debug statements
        -:  554:      printf("Current hand count: %d\n", count);
        -:  555:    }
        -:  556:    
      758:  557:    deckCounter = state->deckCount[player];//Create a holder for the deck count
        -:  558:
      758:  559:    if (deckCounter == 0)
branch  0 taken 74% (fallthrough)
branch  1 taken 26%
      558:  560:      return -1;
        -:  561:
      200:  562:    state->hand[player][count] = state->deck[player][deckCounter - 1];//Add card to hand
      200:  563:    state->deckCount[player]--;
      200:  564:    state->handCount[player]++;//Increment hand count
        -:  565:  }
        -:  566:
        -:  567:  else{
     4003:  568:    int count = state->handCount[player];//Get current hand count for player
        -:  569:    int deckCounter;
        -:  570:    if (DEBUG){//Debug statements
        -:  571:      printf("Current hand count: %d\n", count);
        -:  572:    }
        -:  573:
     4003:  574:    deckCounter = state->deckCount[player];//Create holder for the deck count
     4003:  575:    state->hand[player][count] = state->deck[player][deckCounter - 1];//Add card to the hand
     4003:  576:    state->deckCount[player]--;
     4003:  577:    state->handCount[player]++;//Increment hand count
        -:  578:  }
        -:  579:
     4203:  580:  return 0;
        -:  581:}
        -:  582:
function getCost called 28 returned 100% blocks executed 100%
       28:  583:int getCost(int cardNumber)
        -:  584:{
       28:  585:  switch( cardNumber ) 
branch  0 taken 4%
branch  1 taken 4%
branch  2 taken 4%
branch  3 taken 4%
branch  4 taken 4%
branch  5 taken 4%
branch  6 taken 4%
branch  7 taken 4%
branch  8 taken 4%
branch  9 taken 4%
branch 10 taken 4%
branch 11 taken 4%
branch 12 taken 4%
branch 13 taken 4%
branch 14 taken 4%
branch 15 taken 4%
branch 16 taken 4%
branch 17 taken 4%
branch 18 taken 4%
branch 19 taken 4%
branch 20 taken 4%
branch 21 taken 4%
branch 22 taken 4%
branch 23 taken 4%
branch 24 taken 4%
branch 25 taken 4%
branch 26 taken 4%
branch 27 taken 4%
        -:  586:    {
        -:  587:    case curse:
        1:  588:      return 0;
        -:  589:    case estate:
        1:  590:      return 2;
        -:  591:    case duchy:
        1:  592:      return 5;
        -:  593:    case province:
        1:  594:      return 8;
        -:  595:    case copper:
        1:  596:      return 0;
        -:  597:    case silver:
        1:  598:      return 3;
        -:  599:    case gold:
        1:  600:      return 6;
        -:  601:    case adventurer:
        1:  602:      return 6;
        -:  603:    case council_room:
        1:  604:      return 5;
        -:  605:    case feast:
        1:  606:      return 4;
        -:  607:    case gardens:
        1:  608:      return 4;
        -:  609:    case mine:
        1:  610:      return 5;
        -:  611:    case remodel:
        1:  612:      return 4;
        -:  613:    case smithy:
        1:  614:      return 4;
        -:  615:    case village:
        1:  616:      return 3;
        -:  617:    case baron:
        1:  618:      return 4;
        -:  619:    case great_hall:
        1:  620:      return 3;
        -:  621:    case minion:
        1:  622:      return 5;
        -:  623:    case steward:
        1:  624:      return 3;
        -:  625:    case tribute:
        1:  626:      return 5;
        -:  627:    case ambassador:
        1:  628:      return 3;
        -:  629:    case cutpurse:
        1:  630:      return 4;
        -:  631:    case embargo: 
        1:  632:      return 2;
        -:  633:    case outpost:
        1:  634:      return 5;
        -:  635:    case salvager:
        1:  636:      return 4;
        -:  637:    case sea_hag:
        1:  638:      return 4;
        -:  639:    case treasure_map:
        1:  640:      return 4;
        -:  641:    }
        -:  642:	
        1:  643:  return -1;
        -:  644:}
        -:  645:
function smithyCard called 161 returned 100% blocks executed 100%
      161:  646:int smithyCard(int currPlayer, struct gameState *state, int handPos)
        -:  647:{
        -:  648:  //+3 Cards
      805:  649:  for (int i = 0; i < 4; i++)
branch  0 taken 80%
branch  1 taken 20% (fallthrough)
        -:  650:    {
      644:  651:      drawCard(currPlayer, state);
call    0 returned 100%
        -:  652:    }
        -:  653:			
        -:  654:    //discard card from hand
      161:  655:    discardCard(handPos, currPlayer, state, 0);
call    0 returned 100%
      161:  656:    return 0;
        -:  657:}
        -:  658:
function adventurerCard called 296 returned 100% blocks executed 100%
      296:  659:int adventurerCard(int drawntreasure, struct gameState *state, int currentPlayer, int *temphand, int z, int cardDrawn)
        -:  660:{
        -:  661:
     3522:  662:  while(drawntreasure<2){
branch  0 taken 91%
branch  1 taken 9% (fallthrough)
     2930:  663:    if (state->deckCount[currentPlayer] <1){//if the deck is empty we need to shuffle discard and add to deck
branch  0 taken 24% (fallthrough)
branch  1 taken 76%
      703:  664:      shuffle(currentPlayer, state);
call    0 returned 100%
        -:  665:    }
     2930:  666:    drawCard(currentPlayer, state);
call    0 returned 100%
     2930:  667:    cardDrawn = state->hand[currentPlayer][state->handCount[currentPlayer]-1];//top card of hand is most recently drawn card.
     2930:  668:    if (cardDrawn == copper || cardDrawn == silver || cardDrawn == smithy)
branch  0 taken 92% (fallthrough)
branch  1 taken 8%
branch  2 taken 93% (fallthrough)
branch  3 taken 7%
branch  4 taken 6% (fallthrough)
branch  5 taken 94%
      592:  669:      drawntreasure++;
        -:  670:    else{
     2338:  671:      temphand[z]=cardDrawn;
     2338:  672:      state->handCount[currentPlayer]--; //this should just remove the top card (the most recently drawn one).
     2338:  673:      z++;
        -:  674:    }
        -:  675:  }
     2930:  676:  while(z-1>=0){
branch  0 taken 89%
branch  1 taken 11% (fallthrough)
     2338:  677:    state->discard[currentPlayer][state->discardCount[currentPlayer]++]=temphand[z-1]; // discard all cards in play that have been drawn
     2338:  678:    z=z-1;
        -:  679:  }
      296:  680:  return 0;
        -:  681:}
        -:  682:
function villageCard called 0 returned 0% blocks executed 0%
    #####:  683:int villageCard(int handPos, struct gameState *state, int currentPlayer)
        -:  684:{
        -:  685:  //+1 Card
    #####:  686:  drawCard(currentPlayer, state);
call    0 never executed
        -:  687:			
        -:  688:  //+2 Actions
    #####:  689:  state->numActions = state->numActions + 2;
        -:  690:			
        -:  691:  //discard played card from hand
    #####:  692:  discardCard(handPos, currentPlayer, state, 0);
call    0 never executed
    #####:  693:  return 0;
        -:  694:}
        -:  695:    
function stewardCard called 0 returned 0% blocks executed 0%
    #####:  696:int stewardCard(int currentPlayer, struct gameState *state, int choice1, int choice2, int choice3, int handPos)
        -:  697:{
    #####:  698:  if (choice1 == 1)
branch  0 never executed
branch  1 never executed
        -:  699:  {
        -:  700:    //+2 cards
    #####:  701:    discardCard(choice2, currentPlayer, state, 1);
call    0 never executed
    #####:  702:    discardCard(choice3, currentPlayer, state, 1);
call    0 never executed
        -:  703:  }
    #####:  704:  else if (choice1 == 2)
branch  0 never executed
branch  1 never executed
        -:  705:  {
        -:  706:    //+2 coins
    #####:  707:    state->coins = state->coins + 2;
        -:  708:  }
        -:  709:    else
        -:  710:    {
        -:  711:      //trash 2 cards in hand
    #####:  712:      drawCard(currentPlayer, state);
call    0 never executed
    #####:  713:      drawCard(currentPlayer, state);
call    0 never executed
        -:  714:    }
        -:  715:			
        -:  716:    //discard card from hand
    #####:  717:    discardCard(handPos, currentPlayer, state, 0);
call    0 never executed
    #####:  718:    return 0;
        -:  719:}
        -:  720:
function remodelCard called 0 returned 0% blocks executed 0%
    #####:  721:int remodelCard(int currentPlayer, struct gameState *state, int choice1, int choice2, int handPos, int i, int j)
        -:  722:{
    #####:  723:  j = state->hand[currentPlayer][choice1];  //store card we will trash
        -:  724:
    #####:  725:  if ( (getCost(state->hand[currentPlayer][choice1]) + 2) > getCost(choice2) )
call    0 never executed
call    1 never executed
branch  2 never executed
branch  3 never executed
        -:  726:  {
    #####:  727:    return -1;
        -:  728:  }
        -:  729:
    #####:  730:  gainCard(choice2, state, 0, currentPlayer);
call    0 never executed
        -:  731:
        -:  732:  //discard card from hand
    #####:  733:  discardCard(handPos, currentPlayer, state, 0);
call    0 never executed
        -:  734:
        -:  735:  //discard trashed card
    #####:  736:  for (i = 0; i < state->handCount[currentPlayer]; i++)
branch  0 never executed
branch  1 never executed
        -:  737:  {
    #####:  738:    if (state->hand[currentPlayer][i] == j)
branch  0 never executed
branch  1 never executed
        -:  739:    {
    #####:  740:      discardCard(i, currentPlayer, state, 0);			
call    0 never executed
    #####:  741:      break;
        -:  742:    }
        -:  743:  }
        -:  744:
    #####:  745:  return 0;
        -:  746:}
        -:  747:    
function greatHallCard called 162 returned 100% blocks executed 100%
      162:  748:int greatHallCard(int currentPlayer, struct gameState *state, int handPos)
        -:  749:{
        -:  750:  //+1 Card
      162:  751:  drawCard(currentPlayer, state);
call    0 returned 100%
        -:  752:			
        -:  753:  //+1 Actions
      162:  754:  state->numActions++;
        -:  755:			
        -:  756:  //discard card from hand
      162:  757:  discardCard(handPos, currentPlayer, state, 0);
call    0 returned 100%
      162:  758:  return 0;
        -:  759:}
        -:  760:
function cardEffect called 621 returned 100% blocks executed 6%
      621:  761:int cardEffect(int card, int choice1, int choice2, int choice3, struct gameState *state, int handPos, int *bonus)
        -:  762:{
        -:  763:  int i;
        -:  764:  int j;
        -:  765:  int k;
        -:  766:  int x;
        -:  767:  int index;
      621:  768:  int currentPlayer = whoseTurn(state);
call    0 returned 100%
      621:  769:  int nextPlayer = currentPlayer + 1;
        -:  770:
      621:  771:  int tributeRevealedCards[2] = {-1, -1};
        -:  772:  int temphand[MAX_HAND];// moved above the if statement
      621:  773:  int drawntreasure=0;
        -:  774:  int cardDrawn;
      621:  775:  int z = 0;// this is the counter for the temp hand
      621:  776:  if (nextPlayer > (state->numPlayers - 1)){
branch  0 taken 32% (fallthrough)
branch  1 taken 68%
      200:  777:    nextPlayer = 0;
        -:  778:  }
        -:  779:  
        -:  780:  //uses switch to select card and perform actions
      621:  781:  switch( card ) 
branch  0 taken 48%
branch  1 taken 0%
branch  2 taken 0%
branch  3 taken 0%
branch  4 taken 0%
branch  5 taken 0%
branch  6 taken 26%
branch  7 taken 0%
branch  8 taken 0%
branch  9 taken 26%
branch 10 taken 0%
branch 11 taken 0%
branch 12 taken 0%
branch 13 taken 0%
branch 14 taken 0%
branch 15 taken 0%
branch 16 taken 1%
branch 17 taken 0%
branch 18 taken 0%
branch 19 taken 0%
branch 20 taken 0%
        -:  782:    {
        -:  783:    case adventurer:
      296:  784:      adventurerCard(drawntreasure, state, currentPlayer, temphand, z, cardDrawn);
call    0 returned 100%
      296:  785:      return 0;
        -:  786:    
        -:  787:    case council_room:
        -:  788:      //+4 Cards
    #####:  789:      for (i = 0; i < 4; i++)
branch  0 never executed
branch  1 never executed
        -:  790:	{
    #####:  791:	  drawCard(currentPlayer, state);
call    0 never executed
        -:  792:	}
        -:  793:			
        -:  794:      //+1 Buy
    #####:  795:      state->numBuys++;
        -:  796:			
        -:  797:      //Each other player draws a card
    #####:  798:      for (i = 0; i < state->numPlayers; i++)
branch  0 never executed
branch  1 never executed
        -:  799:	{
    #####:  800:	  if ( i != currentPlayer )
branch  0 never executed
branch  1 never executed
        -:  801:	    {
    #####:  802:	      drawCard(i, state);
call    0 never executed
        -:  803:	    }
        -:  804:	}
        -:  805:			
        -:  806:      //put played card in played card pile
    #####:  807:      discardCard(handPos, currentPlayer, state, 0);
call    0 never executed
        -:  808:			
    #####:  809:      return 0;
        -:  810:			
        -:  811:    case feast:
        -:  812:      //gain card with cost up to 5
        -:  813:      //Backup hand
    #####:  814:      for (i = 0; i <= state->handCount[currentPlayer]; i++){
branch  0 never executed
branch  1 never executed
    #####:  815:	temphand[i] = state->hand[currentPlayer][i];//Backup card
    #####:  816:	state->hand[currentPlayer][i] = -1;//Set to nothing
        -:  817:      }
        -:  818:      //Backup hand
        -:  819:
        -:  820:      //Update Coins for Buy
    #####:  821:      updateCoins(currentPlayer, state, 5);
call    0 never executed
    #####:  822:      x = 1;//Condition to loop on
    #####:  823:      while( x == 1) {//Buy one card
branch  0 never executed
branch  1 never executed
    #####:  824:	if (supplyCount(choice1, state) <= 0){
call    0 never executed
branch  1 never executed
branch  2 never executed
        -:  825:	  if (DEBUG)
        -:  826:	    printf("None of that card left, sorry!\n");
        -:  827:
        -:  828:	  if (DEBUG){
        -:  829:	    printf("Cards Left: %d\n", supplyCount(choice1, state));
        -:  830:	  }
        -:  831:	}
    #####:  832:	else if (state->coins < getCost(choice1)){
call    0 never executed
branch  1 never executed
branch  2 never executed
    #####:  833:	  printf("That card is too expensive!\n");
call    0 never executed
        -:  834:
        -:  835:	  if (DEBUG){
        -:  836:	    printf("Coins: %d < %d\n", state->coins, getCost(choice1));
        -:  837:	  }
        -:  838:	}
        -:  839:	else{
        -:  840:
        -:  841:	  if (DEBUG){
        -:  842:	    printf("Deck Count: %d\n", state->handCount[currentPlayer] + state->deckCount[currentPlayer] + state->discardCount[currentPlayer]);
        -:  843:	  }
        -:  844:
    #####:  845:	  gainCard(choice1, state, 0, currentPlayer);//Gain the card
call    0 never executed
    #####:  846:	  x = 0;//No more buying cards
        -:  847:
        -:  848:	  if (DEBUG){
        -:  849:	    printf("Deck Count: %d\n", state->handCount[currentPlayer] + state->deckCount[currentPlayer] + state->discardCount[currentPlayer]);
        -:  850:	  }
        -:  851:
        -:  852:	}
        -:  853:      }     
        -:  854:
        -:  855:      //Reset Hand
    #####:  856:      for (i = 0; i <= state->handCount[currentPlayer]; i++){
branch  0 never executed
branch  1 never executed
    #####:  857:	state->hand[currentPlayer][i] = temphand[i];
    #####:  858:	temphand[i] = -1;
        -:  859:      }
        -:  860:      //Reset Hand
        -:  861:      			
    #####:  862:      return 0;
        -:  863:			
        -:  864:    case gardens:
    #####:  865:      return -1;
        -:  866:			
        -:  867:    case mine:
    #####:  868:      j = state->hand[currentPlayer][choice1];  //store card we will trash
        -:  869:
    #####:  870:      if (state->hand[currentPlayer][choice1] < copper || state->hand[currentPlayer][choice1] > gold)
branch  0 never executed
branch  1 never executed
branch  2 never executed
branch  3 never executed
        -:  871:	{
    #####:  872:	  return -1;
        -:  873:	}
        -:  874:		
    #####:  875:      if (choice2 > treasure_map || choice2 < curse)
branch  0 never executed
branch  1 never executed
branch  2 never executed
branch  3 never executed
        -:  876:	{
    #####:  877:	  return -1;
        -:  878:	}
        -:  879:
    #####:  880:      if ( (getCost(state->hand[currentPlayer][choice1]) + 3) > getCost(choice2) )
call    0 never executed
call    1 never executed
branch  2 never executed
branch  3 never executed
        -:  881:	{
    #####:  882:	  return -1;
        -:  883:	}
        -:  884:
    #####:  885:      gainCard(choice2, state, 2, currentPlayer);
call    0 never executed
        -:  886:
        -:  887:      //discard card from hand
    #####:  888:      discardCard(handPos, currentPlayer, state, 0);
call    0 never executed
        -:  889:
        -:  890:      //discard trashed card
    #####:  891:      for (i = 0; i < state->handCount[currentPlayer]; i++)
branch  0 never executed
branch  1 never executed
        -:  892:	{
    #####:  893:	  if (state->hand[currentPlayer][i] == j)
branch  0 never executed
branch  1 never executed
        -:  894:	    {
    #####:  895:	      discardCard(i, currentPlayer, state, 0);			
call    0 never executed
    #####:  896:	      break;
        -:  897:	    }
        -:  898:	}
        -:  899:			
    #####:  900:      return 0;
        -:  901:			
        -:  902:    case remodel:
    #####:  903:      remodelCard(currentPlayer, state, choice1, choice2, handPos, i, j);
call    0 never executed
    #####:  904:      return 0;
        -:  905:    
        -:  906:    case smithy:
      161:  907:      smithyCard(currentPlayer, state, handPos);
call    0 returned 100%
      161:  908:      return 0;
        -:  909:      	
        -:  910:    case village:
    #####:  911:      villageCard(currentPlayer, state, handPos);
call    0 never executed
    #####:  912:      return 0;
        -:  913:    
        -:  914:    case baron:
    #####:  915:      state->numBuys++;//Increase buys by 1!
    #####:  916:      if (choice1 > 0){//Boolean true or going to discard an estate
branch  0 never executed
branch  1 never executed
    #####:  917:	int p = 0;//Iterator for hand!
    #####:  918:	int card_not_discarded = 1;//Flag for discard set!
    #####:  919:	while(card_not_discarded){
branch  0 never executed
branch  1 never executed
    #####:  920:	  if (state->hand[currentPlayer][p] == estate){//Found an estate card!
branch  0 never executed
branch  1 never executed
    #####:  921:	    state->coins += 4;//Add 4 coins to the amount of coins
    #####:  922:	    state->discard[currentPlayer][state->discardCount[currentPlayer]] = state->hand[currentPlayer][p];
    #####:  923:	    state->discardCount[currentPlayer]++;
    #####:  924:	    for (;p < state->handCount[currentPlayer]; p++){
branch  0 never executed
branch  1 never executed
    #####:  925:	      state->hand[currentPlayer][p] = state->hand[currentPlayer][p+1];
        -:  926:	    }
    #####:  927:	    state->hand[currentPlayer][state->handCount[currentPlayer]] = -1;
    #####:  928:	    state->handCount[currentPlayer]--;
    #####:  929:	    card_not_discarded = 0;//Exit the loop
        -:  930:	  }
    #####:  931:	  else if (p > state->handCount[currentPlayer]){
branch  0 never executed
branch  1 never executed
        -:  932:	    if(DEBUG) {
        -:  933:	      printf("No estate cards in your hand, invalid choice\n");
        -:  934:	      printf("Must gain an estate if there are any\n");
        -:  935:	    }
    #####:  936:	    if (supplyCount(estate, state) > 0){
call    0 never executed
branch  1 never executed
branch  2 never executed
    #####:  937:	      gainCard(estate, state, 0, currentPlayer);
call    0 never executed
    #####:  938:	      state->supplyCount[estate]--;//Decrement estates
    #####:  939:	      if (supplyCount(estate, state) == 0){
call    0 never executed
branch  1 never executed
branch  2 never executed
    #####:  940:		isGameOver(state);
call    0 never executed
        -:  941:	      }
        -:  942:	    }
    #####:  943:	    card_not_discarded = 0;//Exit the loop
        -:  944:	  }
        -:  945:			    
        -:  946:	  else{
    #####:  947:	    p++;//Next card
        -:  948:	  }
        -:  949:	}
        -:  950:      }
        -:  951:			    
        -:  952:      else{
    #####:  953:	if (supplyCount(estate, state) > 0){
call    0 never executed
branch  1 never executed
branch  2 never executed
    #####:  954:	  gainCard(estate, state, 0, currentPlayer);//Gain an estate
call    0 never executed
    #####:  955:	  state->supplyCount[estate]--;//Decrement Estates
    #####:  956:	  if (supplyCount(estate, state) == 0){
call    0 never executed
branch  1 never executed
branch  2 never executed
    #####:  957:	    isGameOver(state);
call    0 never executed
        -:  958:	  }
        -:  959:	}
        -:  960:      }
        -:  961:	    
        -:  962:      
    #####:  963:      return 0;
        -:  964:		
        -:  965:    case great_hall:
      162:  966:      greatHallCard(currentPlayer, state, handPos);
call    0 returned 100%
      162:  967:      return 0;
        -:  968:		
        -:  969:    case minion:
        -:  970:      //+1 action
    #####:  971:      state->numActions++;
        -:  972:			
        -:  973:      //discard card from hand
    #####:  974:      discardCard(handPos, currentPlayer, state, 0);
call    0 never executed
        -:  975:			
    #####:  976:      if (choice1)		//+2 coins
branch  0 never executed
branch  1 never executed
        -:  977:	{
    #####:  978:	  state->coins = state->coins + 2;
        -:  979:	}
        -:  980:			
    #####:  981:      else if (choice2)		//discard hand, redraw 4, other players with 5+ cards discard hand and draw 4
branch  0 never executed
branch  1 never executed
        -:  982:	{
        -:  983:	  //discard hand
    #####:  984:	  while(numHandCards(state) > 0)
call    0 never executed
branch  1 never executed
branch  2 never executed
        -:  985:	    {
    #####:  986:	      discardCard(handPos, currentPlayer, state, 0);
call    0 never executed
        -:  987:	    }
        -:  988:				
        -:  989:	  //draw 4
    #####:  990:	  for (i = 0; i < 4; i++)
branch  0 never executed
branch  1 never executed
        -:  991:	    {
    #####:  992:	      drawCard(currentPlayer, state);
call    0 never executed
        -:  993:	    }
        -:  994:				
        -:  995:	  //other players discard hand and redraw if hand size > 4
    #####:  996:	  for (i = 0; i < state->numPlayers; i++)
branch  0 never executed
branch  1 never executed
        -:  997:	    {
    #####:  998:	      if (i != currentPlayer)
branch  0 never executed
branch  1 never executed
        -:  999:		{
    #####: 1000:		  if ( state->handCount[i] > 4 )
branch  0 never executed
branch  1 never executed
        -: 1001:		    {
        -: 1002:		      //discard hand
    #####: 1003:		      while( state->handCount[i] > 0 )
branch  0 never executed
branch  1 never executed
        -: 1004:			{
    #####: 1005:			  discardCard(handPos, i, state, 0);
call    0 never executed
        -: 1006:			}
        -: 1007:							
        -: 1008:		      //draw 4
    #####: 1009:		      for (j = 0; j < 4; j++)
branch  0 never executed
branch  1 never executed
        -: 1010:			{
    #####: 1011:			  drawCard(i, state);
call    0 never executed
        -: 1012:			}
        -: 1013:		    }
        -: 1014:		}
        -: 1015:	    }
        -: 1016:				
        -: 1017:	}
    #####: 1018:      return 0;
        -: 1019:		
        -: 1020:    case steward:
    #####: 1021:      stewardCard(currentPlayer, state, choice1, choice2, choice3, handPos);
call    0 never executed
    #####: 1022:      return 0;
        -: 1023:    
        -: 1024:    case tribute:
    #####: 1025:      if ((state->discardCount[nextPlayer] + state->deckCount[nextPlayer]) <= 1){
branch  0 never executed
branch  1 never executed
    #####: 1026:	if (state->deckCount[nextPlayer] > 0){
branch  0 never executed
branch  1 never executed
    #####: 1027:	  tributeRevealedCards[0] = state->deck[nextPlayer][state->deckCount[nextPlayer]-1];
    #####: 1028:	  state->deckCount[nextPlayer]--;
        -: 1029:	}
    #####: 1030:	else if (state->discardCount[nextPlayer] > 0){
branch  0 never executed
branch  1 never executed
    #####: 1031:	  tributeRevealedCards[0] = state->discard[nextPlayer][state->discardCount[nextPlayer]-1];
    #####: 1032:	  state->discardCount[nextPlayer]--;
        -: 1033:	}
        -: 1034:	else{
        -: 1035:	  //No Card to Reveal
        -: 1036:	  if (DEBUG){
        -: 1037:	    printf("No cards to reveal\n");
        -: 1038:	  }
        -: 1039:	}
        -: 1040:      }
        -: 1041:	    
        -: 1042:      else{
    #####: 1043:	if (state->deckCount[nextPlayer] == 0){
branch  0 never executed
branch  1 never executed
    #####: 1044:	  for (i = 0; i < state->discardCount[nextPlayer]; i++){
branch  0 never executed
branch  1 never executed
    #####: 1045:	    state->deck[nextPlayer][i] = state->discard[nextPlayer][i];//Move to deck
    #####: 1046:	    state->deckCount[nextPlayer]++;
    #####: 1047:	    state->discard[nextPlayer][i] = -1;
    #####: 1048:	    state->discardCount[nextPlayer]--;
        -: 1049:	  }
        -: 1050:			    
    #####: 1051:	  shuffle(nextPlayer,state);//Shuffle the deck
call    0 never executed
        -: 1052:	} 
    #####: 1053:	tributeRevealedCards[0] = state->deck[nextPlayer][state->deckCount[nextPlayer]-1];
    #####: 1054:	state->deck[nextPlayer][state->deckCount[nextPlayer]--] = -1;
    #####: 1055:	state->deckCount[nextPlayer]--;
    #####: 1056:	tributeRevealedCards[1] = state->deck[nextPlayer][state->deckCount[nextPlayer]-1];
    #####: 1057:	state->deck[nextPlayer][state->deckCount[nextPlayer]--] = -1;
    #####: 1058:	state->deckCount[nextPlayer]--;
        -: 1059:      }    
        -: 1060:		       
    #####: 1061:      if (tributeRevealedCards[0] == tributeRevealedCards[1]){//If we have a duplicate card, just drop one 
branch  0 never executed
branch  1 never executed
    #####: 1062:	state->playedCards[state->playedCardCount] = tributeRevealedCards[1];
    #####: 1063:	state->playedCardCount++;
    #####: 1064:	tributeRevealedCards[1] = -1;
        -: 1065:      }
        -: 1066:
    #####: 1067:      for (i = 0; i <= 2; i ++){
branch  0 never executed
branch  1 never executed
    #####: 1068:	if (tributeRevealedCards[i] == copper || tributeRevealedCards[i] == silver || tributeRevealedCards[i] == gold){//Treasure cards
branch  0 never executed
branch  1 never executed
branch  2 never executed
branch  3 never executed
branch  4 never executed
branch  5 never executed
    #####: 1069:	  state->coins += 2;
        -: 1070:	}
        -: 1071:		    
    #####: 1072:	else if (tributeRevealedCards[i] == estate || tributeRevealedCards[i] == duchy || tributeRevealedCards[i] == province || tributeRevealedCards[i] == gardens || tributeRevealedCards[i] == great_hall){//Victory Card Found
branch  0 never executed
branch  1 never executed
branch  2 never executed
branch  3 never executed
branch  4 never executed
branch  5 never executed
branch  6 never executed
branch  7 never executed
branch  8 never executed
branch  9 never executed
    #####: 1073:	  drawCard(currentPlayer, state);
call    0 never executed
    #####: 1074:	  drawCard(currentPlayer, state);
call    0 never executed
        -: 1075:	}
        -: 1076:	else{//Action Card
    #####: 1077:	  state->numActions = state->numActions + 2;
        -: 1078:	}
        -: 1079:      }
        -: 1080:	    
    #####: 1081:      return 0;
        -: 1082:		
        -: 1083:    case ambassador:
    #####: 1084:      j = 0;		//used to check if player has enough cards to discard
        -: 1085:
    #####: 1086:      if (choice2 > 2 || choice2 < 0)
branch  0 never executed
branch  1 never executed
branch  2 never executed
branch  3 never executed
        -: 1087:	{
    #####: 1088:	  return -1;				
        -: 1089:	}
        -: 1090:
    #####: 1091:      if (choice1 == handPos)
branch  0 never executed
branch  1 never executed
        -: 1092:	{
    #####: 1093:	  return -1;
        -: 1094:	}
        -: 1095:
    #####: 1096:      for (i = 0; i < state->handCount[currentPlayer]; i++)
branch  0 never executed
branch  1 never executed
        -: 1097:	{
    #####: 1098:	  if (i != handPos && i == state->hand[currentPlayer][choice1] && i != choice1)
branch  0 never executed
branch  1 never executed
branch  2 never executed
branch  3 never executed
branch  4 never executed
branch  5 never executed
        -: 1099:	    {
    #####: 1100:	      j++;
        -: 1101:	    }
        -: 1102:	}
    #####: 1103:      if (j < choice2)
branch  0 never executed
branch  1 never executed
        -: 1104:	{
    #####: 1105:	  return -1;				
        -: 1106:	}
        -: 1107:
        -: 1108:      if (DEBUG) 
        -: 1109:	printf("Player %d reveals card number: %d\n", currentPlayer, state->hand[currentPlayer][choice1]);
        -: 1110:
        -: 1111:      //increase supply count for choosen card by amount being discarded
    #####: 1112:      state->supplyCount[state->hand[currentPlayer][choice1]] += choice2;
        -: 1113:			
        -: 1114:      //each other player gains a copy of revealed card
    #####: 1115:      for (i = 0; i < state->numPlayers; i++)
branch  0 never executed
branch  1 never executed
        -: 1116:	{
    #####: 1117:	  if (i != currentPlayer)
branch  0 never executed
branch  1 never executed
        -: 1118:	    {
    #####: 1119:	      gainCard(state->hand[currentPlayer][choice1], state, 0, i);
call    0 never executed
        -: 1120:	    }
        -: 1121:	}
        -: 1122:
        -: 1123:      //discard played card from hand
    #####: 1124:      discardCard(handPos, currentPlayer, state, 0);			
call    0 never executed
        -: 1125:
        -: 1126:      //trash copies of cards returned to supply
    #####: 1127:      for (j = 0; j < choice2; j++)
branch  0 never executed
branch  1 never executed
        -: 1128:	{
    #####: 1129:	  for (i = 0; i < state->handCount[currentPlayer]; i++)
branch  0 never executed
branch  1 never executed
        -: 1130:	    {
    #####: 1131:	      if (state->hand[currentPlayer][i] == state->hand[currentPlayer][choice1])
branch  0 never executed
branch  1 never executed
        -: 1132:		{
    #####: 1133:		  discardCard(i, currentPlayer, state, 1);
call    0 never executed
    #####: 1134:		  break;
        -: 1135:		}
        -: 1136:	    }
        -: 1137:	}			
        -: 1138:
    #####: 1139:      return 0;
        -: 1140:		
        -: 1141:    case cutpurse:
        -: 1142:
    #####: 1143:      updateCoins(currentPlayer, state, 2);
call    0 never executed
    #####: 1144:      for (i = 0; i < state->numPlayers; i++)
branch  0 never executed
branch  1 never executed
        -: 1145:	{
    #####: 1146:	  if (i != currentPlayer)
branch  0 never executed
branch  1 never executed
        -: 1147:	    {
    #####: 1148:	      for (j = 0; j < state->handCount[i]; j++)
branch  0 never executed
branch  1 never executed
        -: 1149:		{
    #####: 1150:		  if (state->hand[i][j] == copper)
branch  0 never executed
branch  1 never executed
        -: 1151:		    {
    #####: 1152:		      discardCard(j, i, state, 0);
call    0 never executed
    #####: 1153:		      break;
        -: 1154:		    }
    #####: 1155:		  if (j == state->handCount[i])
branch  0 never executed
branch  1 never executed
        -: 1156:		    {
    #####: 1157:		      for (k = 0; k < state->handCount[i]; k++)
branch  0 never executed
branch  1 never executed
        -: 1158:			{
        -: 1159:			  if (DEBUG)
        -: 1160:			    printf("Player %d reveals card number %d\n", i, state->hand[i][k]);
        -: 1161:			}	
    #####: 1162:		      break;
        -: 1163:		    }		
        -: 1164:		}
        -: 1165:					
        -: 1166:	    }
        -: 1167:				
        -: 1168:	}				
        -: 1169:
        -: 1170:      //discard played card from hand
    #####: 1171:      discardCard(handPos, currentPlayer, state, 0);			
call    0 never executed
        -: 1172:
    #####: 1173:      return 0;
        -: 1174:
        -: 1175:		
        -: 1176:    case embargo: 
        -: 1177:      //+2 Coins
    #####: 1178:      state->coins = state->coins + 2;
        -: 1179:			
        -: 1180:      //see if selected pile is in play
    #####: 1181:      if ( state->supplyCount[choice1] == -1 )
branch  0 never executed
branch  1 never executed
        -: 1182:	{
    #####: 1183:	  return -1;
        -: 1184:	}
        -: 1185:			
        -: 1186:      //add embargo token to selected supply pile
    #####: 1187:      state->embargoTokens[choice1]++;
        -: 1188:			
        -: 1189:      //trash card
    #####: 1190:      discardCard(handPos, currentPlayer, state, 1);		
call    0 never executed
    #####: 1191:      return 0;
        -: 1192:		
        -: 1193:    case outpost:
        -: 1194:      //set outpost flag
        2: 1195:      state->outpostPlayed++;
        -: 1196:			
        -: 1197:      //discard card
        2: 1198:      discardCard(handPos, currentPlayer, state, 0);
call    0 returned 100%
        2: 1199:      return 0;
        -: 1200:		
        -: 1201:    case salvager:
        -: 1202:      //+1 buy
    #####: 1203:      state->numBuys++;
        -: 1204:			
    #####: 1205:      if (choice1)
branch  0 never executed
branch  1 never executed
        -: 1206:	{
        -: 1207:	  //gain coins equal to trashed card
    #####: 1208:	  state->coins = state->coins + getCost( handCard(choice1, state) );
call    0 never executed
call    1 never executed
        -: 1209:	  //trash card
    #####: 1210:	  discardCard(choice1, currentPlayer, state, 1);	
call    0 never executed
        -: 1211:	}
        -: 1212:			
        -: 1213:      //discard card
    #####: 1214:      discardCard(handPos, currentPlayer, state, 0);
call    0 never executed
    #####: 1215:      return 0;
        -: 1216:		
        -: 1217:    case sea_hag:
    #####: 1218:      for (i = 0; i < state->numPlayers; i++){
branch  0 never executed
branch  1 never executed
    #####: 1219:	if (i != currentPlayer){
branch  0 never executed
branch  1 never executed
    #####: 1220:	  state->discard[i][state->discardCount[i]] = state->deck[i][state->deckCount[i]--];			    state->deckCount[i]--;
    #####: 1221:	  state->discardCount[i]++;
    #####: 1222:	  state->deck[i][state->deckCount[i]--] = curse;//Top card now a curse
        -: 1223:	}
        -: 1224:      }
    #####: 1225:      return 0;
        -: 1226:		
        -: 1227:    case treasure_map:
        -: 1228:      //search hand for another treasure_map
    #####: 1229:      index = -1;
    #####: 1230:      for (i = 0; i < state->handCount[currentPlayer]; i++)
branch  0 never executed
branch  1 never executed
        -: 1231:	{
    #####: 1232:	  if (state->hand[currentPlayer][i] == treasure_map && i != handPos)
branch  0 never executed
branch  1 never executed
branch  2 never executed
branch  3 never executed
        -: 1233:	    {
    #####: 1234:	      index = i;
    #####: 1235:	      break;
        -: 1236:	    }
        -: 1237:	}
    #####: 1238:      if (index > -1)
branch  0 never executed
branch  1 never executed
        -: 1239:	{
        -: 1240:	  //trash both treasure cards
    #####: 1241:	  discardCard(handPos, currentPlayer, state, 1);
call    0 never executed
    #####: 1242:	  discardCard(index, currentPlayer, state, 1);
call    0 never executed
        -: 1243:
        -: 1244:	  //gain 4 Gold cards
    #####: 1245:	  for (i = 0; i < 4; i++)
branch  0 never executed
branch  1 never executed
        -: 1246:	    {
    #####: 1247:	      gainCard(gold, state, 1, currentPlayer);
call    0 never executed
        -: 1248:	    }
        -: 1249:				
        -: 1250:	  //return success
    #####: 1251:	  return 1;
        -: 1252:	}
        -: 1253:			
        -: 1254:      //no second treasure_map found in hand
    #####: 1255:      return -1;
        -: 1256:    }
        -: 1257:	
    #####: 1258:  return -1;
        -: 1259:}
        -: 1260:
function discardCard called 325 returned 100% blocks executed 89%
      325: 1261:int discardCard(int handPos, int currentPlayer, struct gameState *state, int trashFlag)
        -: 1262:{
        -: 1263:	
        -: 1264:  //if card is not trashed, added to Played pile 
      325: 1265:  if (trashFlag < 1)
branch  0 taken 100% (fallthrough)
branch  1 taken 0%
        -: 1266:    {
        -: 1267:      //add card to played pile
      325: 1268:      state->playedCards[state->playedCardCount] = state->hand[currentPlayer][handPos]; 
      325: 1269:      state->playedCardCount++;
        -: 1270:    }
        -: 1271:	
        -: 1272:  //set played card to -1
      325: 1273:  state->hand[currentPlayer][handPos] = -1;
        -: 1274:	
        -: 1275:  //remove card from player's hand
      325: 1276:  if ( handPos == (state->handCount[currentPlayer] - 1) ) 	//last card in hand array is played
branch  0 taken 1% (fallthrough)
branch  1 taken 99%
        -: 1277:    {
        -: 1278:      //reduce number of cards in hand
        1: 1279:      state->handCount[currentPlayer]--;
        -: 1280:    }
      324: 1281:  else if ( state->handCount[currentPlayer] == 1 ) //only one card in hand
branch  0 taken 0% (fallthrough)
branch  1 taken 100%
        -: 1282:    {
        -: 1283:      //reduce number of cards in hand
    #####: 1284:      state->handCount[currentPlayer]--;
        -: 1285:    }
        -: 1286:  else 	
        -: 1287:    {
        -: 1288:      //replace discarded card with last card in hand
      324: 1289:      state->hand[currentPlayer][handPos] = state->hand[currentPlayer][ (state->handCount[currentPlayer] - 1)];
        -: 1290:      //set last card to -1
      324: 1291:      state->hand[currentPlayer][state->handCount[currentPlayer] - 1] = -1;
        -: 1292:      //reduce number of cards in hand
      324: 1293:      state->handCount[currentPlayer]--;
        -: 1294:    }
        -: 1295:	
      325: 1296:  return 0;
        -: 1297:}
        -: 1298:
function gainCard called 0 returned 0% blocks executed 0%
    #####: 1299:int gainCard(int supplyPos, struct gameState *state, int toFlag, int player)
        -: 1300:{
        -: 1301:  //Note: supplyPos is enum of choosen card
        -: 1302:	
        -: 1303:  //check if supply pile is empty (0) or card is not used in game (-1)
    #####: 1304:  if ( supplyCount(supplyPos, state) < 1 )
call    0 never executed
branch  1 never executed
branch  2 never executed
        -: 1305:    {
    #####: 1306:      return -1;
        -: 1307:    }
        -: 1308:	
        -: 1309:  //added card for [whoseTurn] current player:
        -: 1310:  // toFlag = 0 : add to discard
        -: 1311:  // toFlag = 1 : add to deck
        -: 1312:  // toFlag = 2 : add to hand
        -: 1313:
    #####: 1314:  if (toFlag == 1)
branch  0 never executed
branch  1 never executed
        -: 1315:    {
    #####: 1316:      state->deck[ player ][ state->deckCount[player] ] = supplyPos;
    #####: 1317:      state->deckCount[player]++;
        -: 1318:    }
    #####: 1319:  else if (toFlag == 2)
branch  0 never executed
branch  1 never executed
        -: 1320:    {
    #####: 1321:      state->hand[ player ][ state->handCount[player] ] = supplyPos;
    #####: 1322:      state->handCount[player]++;
        -: 1323:    }
        -: 1324:  else
        -: 1325:    {
    #####: 1326:      state->discard[player][ state->discardCount[player] ] = supplyPos;
    #####: 1327:      state->discardCount[player]++;
        -: 1328:    }
        -: 1329:	
        -: 1330:  //decrease number in supply pile
    #####: 1331:  state->supplyCount[supplyPos]--;
        -: 1332:	 
    #####: 1333:  return 0;
        -: 1334:}
        -: 1335:
function updateCoins called 205 returned 100% blocks executed 82%
      205: 1336:int updateCoins(int player, struct gameState *state, int bonus)
        -: 1337:{
        -: 1338:  int i;
        -: 1339:	
        -: 1340:  //reset coin count
      205: 1341:  state->coins = 0;
        -: 1342:
        -: 1343:  //add coins for each Treasure card in player's hand
     1230: 1344:  for (i = 0; i < state->handCount[player]; i++)
branch  0 taken 83%
branch  1 taken 17% (fallthrough)
        -: 1345:    {
     1025: 1346:      if (state->hand[player][i] == copper)
branch  0 taken 80% (fallthrough)
branch  1 taken 20%
        -: 1347:	{
      820: 1348:	  state->coins += 1;
        -: 1349:	}
      205: 1350:      else if (state->hand[player][i] == silver)
branch  0 taken 0% (fallthrough)
branch  1 taken 100%
        -: 1351:	{
    #####: 1352:	  state->coins += 2;
        -: 1353:	}
      205: 1354:      else if (state->hand[player][i] == gold)
branch  0 taken 0% (fallthrough)
branch  1 taken 100%
        -: 1355:	{
    #####: 1356:	  state->coins += 3;
        -: 1357:	}	
        -: 1358:    }	
        -: 1359:
        -: 1360:  //add bonus
      205: 1361:  state->coins += bonus;
        -: 1362:
      205: 1363:  return 0;
        -: 1364:}
        -: 1365:
        -: 1366:
        -: 1367://end of dominion.c
        -: 1368:
